c:\users\jinyi\source\repos\python_omp\cpp_omp\release\vc142.pdb
c:\users\jinyi\source\repos\python_omp\cpp_omp\release\handevaluator.obj
c:\users\jinyi\source\repos\python_omp\cpp_omp\release\equitycalculator.obj
c:\users\jinyi\source\repos\python_omp\cpp_omp\release\combinedrange.obj
c:\users\jinyi\source\repos\python_omp\cpp_omp\release\cardrange.obj
c:\users\jinyi\source\repos\python_omp\cpp_omp\release\module.obj
c:\users\jinyi\source\repos\python_omp\cpp_omp\release\test.obj
c:\users\jinyi\source\repos\python_omp\cpp_omp\release\benchmark.obj
c:\users\jinyi\source\repos\python_omp\release\omp.ipdb
c:\users\jinyi\source\repos\python_omp\release\omp.iobj
c:\users\jinyi\source\repos\python_omp\release\omp.lib
c:\users\jinyi\source\repos\python_omp\release\omp.exp
c:\users\jinyi\source\repos\python_omp\release\omp.pyd
c:\users\jinyi\source\repos\python_omp\release\omp.pdb
c:\users\jinyi\source\repos\python_omp\cpp_omp\release\cpp_omp.tlog\cl.command.1.tlog
c:\users\jinyi\source\repos\python_omp\cpp_omp\release\cpp_omp.tlog\cl.read.1.tlog
c:\users\jinyi\source\repos\python_omp\cpp_omp\release\cpp_omp.tlog\cl.write.1.tlog
c:\users\jinyi\source\repos\python_omp\cpp_omp\release\cpp_omp.tlog\cpp_omp.write.1u.tlog
c:\users\jinyi\source\repos\python_omp\cpp_omp\release\cpp_omp.tlog\link.command.1.tlog
c:\users\jinyi\source\repos\python_omp\cpp_omp\release\cpp_omp.tlog\link.read.1.tlog
c:\users\jinyi\source\repos\python_omp\cpp_omp\release\cpp_omp.tlog\link.write.1.tlog
